2014-05-15 08:01:10 +0800: Cannot connect to network "Wired connection 1"
2014-05-15 08:01:10 +0800: Quit
2014-05-16 08:01:10 +0800: Cannot connect to network "Wired connection 1"
2014-05-16 08:01:10 +0800: Quit
2014-05-19 08:01:10 +0800: Cannot connect to network "Wired connection 1"
2014-05-19 08:01:10 +0800: Quit
2014-05-20 08:01:10 +0800: Cannot connect to network "Wired connection 1"
2014-05-20 08:01:10 +0800: Quit
2014-05-21 08:01:10 +0800: Connected to network "Wired connection 1"
2014-05-21 08:01:17 +0800: Accessing https://gmp.oracle.com/captcha/ to get today's wifi password
2014-05-21 08:01:28 +0800: Filling in SSO login to access the real page
2014-05-21 08:01:29 +0800: Unpacking clear-guest password
2014-05-21 08:01:29 +0800: Password of clear-guest is : pjH4W8Z2
2014-05-21 08:01:29 +0800: Sending email which contains QR code to tuo.shi@oracle.com
2014-05-21 08:02:31 +0800: Sent
2014-05-22 08:01:10 +0800: Connected to network "Wired connection 1"
2014-05-22 08:01:18 +0800: Accessing https://gmp.oracle.com/captcha/ to get today's wifi password
2014-05-22 08:01:28 +0800: Filling in SSO login to access the real page
2014-05-22 08:01:29 +0800: Unpacking clear-guest password
2014-05-22 08:01:29 +0800: Password of clear-guest is : VFrH9MzY
2014-05-22 08:01:29 +0800: Sending email which contains QR code to tuo.shi@oracle.com
2014-05-22 08:02:30 +0800: Sent
2014-05-23 08:01:10 +0800: Connected to network "Wired connection 1"
2014-05-23 08:01:17 +0800: Accessing https://gmp.oracle.com/captcha/ to get today's wifi password
2014-05-23 08:01:30 +0800: Filling in SSO login to access the real page
2014-05-23 08:01:31 +0800: Unpacking clear-guest password
2014-05-23 08:01:31 +0800: Password of clear-guest is : iznK2xVm
2014-05-23 08:01:31 +0800: Sending email which contains QR code to tuo.shi@oracle.com
2014-05-23 08:02:32 +0800: Sent
2014-05-26 08:01:10 +0800: Connected to network "Wired connection 1"
2014-05-26 08:01:17 +0800: Accessing https://gmp.oracle.com/captcha/ to get today's wifi password
2014-05-26 08:01:28 +0800: Filling in SSO login to access the real page
2014-05-26 08:01:28 +0800: Unpacking clear-guest password
2014-05-26 08:01:28 +0800: Password of clear-guest is : dmCvv69X
2014-05-26 08:01:28 +0800: Sending email which contains QR code to tuo.shi@oracle.com
2014-05-26 08:02:30 +0800: Sent
2014-05-28 08:01:10 +0800: Connected to network "Wired connection 1"
2014-05-28 08:01:17 +0800: Accessing https://gmp.oracle.com/captcha/ to get today's wifi password
2014-05-28 08:01:28 +0800: Filling in SSO login to access the real page
2014-05-28 08:01:29 +0800: Unpacking clear-guest password
2014-05-28 08:01:29 +0800: Password of clear-guest is : feu7zh4I
2014-05-28 08:01:29 +0800: Sending email which contains QR code to tuo.shi@oracle.com
2014-05-28 08:02:31 +0800: Sent
2014-05-29 08:01:10 +0800: Connected to network "Wired connection 1"
2014-05-29 08:01:17 +0800: Accessing https://gmp.oracle.com/captcha/ to get today's wifi password
2014-05-29 08:01:27 +0800: Filling in SSO login to access the real page
2014-05-29 08:01:28 +0800: Unpacking clear-guest password
2014-05-29 08:01:28 +0800: Password of clear-guest is : Usd6TSTM
2014-05-29 08:01:28 +0800: Sending email which contains QR code to tuo.shi@oracle.com
2014-05-29 08:02:30 +0800: Sent
2014-05-30 08:01:09 +0800: Connected to network "Wired connection 1"
2014-05-30 08:01:16 +0800: Accessing https://gmp.oracle.com/captcha/ to get today's wifi password
2014-05-30 08:01:26 +0800: Filling in SSO login to access the real page
2014-05-30 08:01:27 +0800: Unpacking clear-guest password
2014-05-30 08:01:27 +0800: Password of clear-guest is : gri3QegT
2014-05-30 08:01:27 +0800: Sending email which contains QR code to tuo.shi@oracle.com
2014-05-30 08:02:31 +0800: Sent
2014-06-02 08:01:10 +0800: Connected to network "Wired connection 1"
2014-06-02 08:01:16 +0800: Accessing https://gmp.oracle.com/captcha/ to get today's wifi password
2014-06-02 08:01:27 +0800: Filling in SSO login to access the real page
2014-06-02 08:01:28 +0800: Unpacking clear-guest password
2014-06-02 08:01:28 +0800: Password of clear-guest is : gzPY3YdI
2014-06-02 08:01:28 +0800: Sending email which contains QR code to tuo.shi@oracle.com
2014-06-02 08:02:32 +0800: Sent
2014-06-03 08:01:10 +0800: Connected to network "Wired connection 1"
2014-06-03 08:01:16 +0800: Accessing https://gmp.oracle.com/captcha/ to get today's wifi password
2014-06-03 08:01:26 +0800: Filling in SSO login to access the real page
2014-06-03 08:01:27 +0800: Unpacking clear-guest password
2014-06-03 08:01:27 +0800: Password of clear-guest is : j8P4FiDn
2014-06-03 08:01:27 +0800: Sending email which contains QR code to tuo.shi@oracle.com
2014-06-03 08:02:29 +0800: Sent
2014-06-04 08:01:10 +0800: Connected to network "Wired connection 1"
2014-06-04 08:01:16 +0800: Accessing https://gmp.oracle.com/captcha/ to get today's wifi password
2014-06-04 08:01:27 +0800: Filling in SSO login to access the real page
2014-06-04 08:01:28 +0800: Unpacking clear-guest password
2014-06-04 08:01:28 +0800: Password of clear-guest is : 8fxsChb7
2014-06-04 08:01:28 +0800: Sending email which contains QR code to tuo.shi@oracle.com
2014-06-04 08:02:30 +0800: Sent
2014-06-05 08:01:10 +0800: Connected to network "Wired connection 1"
2014-06-05 08:01:18 +0800: Accessing https://gmp.oracle.com/captcha/ to get today's wifi password
2014-06-05 08:01:28 +0800: Filling in SSO login to access the real page
2014-06-05 08:01:29 +0800: Unpacking clear-guest password
2014-06-05 08:01:29 +0800: Password of clear-guest is : Mc5Tuh3i
2014-06-05 08:01:29 +0800: Sending email which contains QR code to tuo.shi@oracle.com
2014-06-05 08:02:31 +0800: Sent
2014-06-06 08:01:10 +0800: Connected to network "Wired connection 1"
2014-06-06 08:01:17 +0800: Accessing https://gmp.oracle.com/captcha/ to get today's wifi password
2014-06-06 08:01:27 +0800: Filling in SSO login to access the real page
2014-06-06 08:01:28 +0800: Unpacking clear-guest password
2014-06-06 08:01:28 +0800: Password of clear-guest is : mpWnVHr2
2014-06-06 08:01:28 +0800: Sending email which contains QR code to tuo.shi@oracle.com
2014-06-06 08:02:30 +0800: Sent
2014-06-09 08:01:10 +0800: Connected to network "Wired connection 1"
2014-06-09 08:01:17 +0800: Accessing https://gmp.oracle.com/captcha/ to get today's wifi password
2014-06-09 08:01:27 +0800: Filling in SSO login to access the real page
2014-06-09 08:01:28 +0800: Unpacking clear-guest password
2014-06-09 08:01:28 +0800: Password of clear-guest is : Iec3Bf7i
2014-06-09 08:01:28 +0800: Sending email which contains QR code to tuo.shi@oracle.com
2014-06-09 08:02:30 +0800: Sent
2014-06-10 08:01:10 +0800: Connected to network "Wired connection 1"
2014-06-10 08:01:17 +0800: Accessing https://gmp.oracle.com/captcha/ to get today's wifi password
2014-06-10 08:01:28 +0800: Filling in SSO login to access the real page
2014-06-10 08:01:29 +0800: Unpacking clear-guest password
2014-06-10 08:01:29 +0800: Password of clear-guest is : m6eiri6Q
2014-06-10 08:01:29 +0800: Sending email which contains QR code to tuo.shi@oracle.com
2014-06-10 08:02:31 +0800: Sent
2014-06-11 08:01:10 +0800: Connected to network "Wired connection 1"
2014-06-11 08:01:17 +0800: Accessing https://gmp.oracle.com/captcha/ to get today's wifi password
2014-06-11 08:01:28 +0800: Filling in SSO login to access the real page
2014-06-11 08:01:28 +0800: Unpacking clear-guest password
2014-06-11 08:01:28 +0800: Password of clear-guest is : DX8qmV92
2014-06-11 08:01:28 +0800: Sending email which contains QR code to tuo.shi@oracle.com
2014-06-11 08:02:32 +0800: Sent
2014-06-12 08:01:10 +0800: Connected to network "Wired connection 1"
2014-06-12 08:01:17 +0800: Accessing https://gmp.oracle.com/captcha/ to get today's wifi password
2014-06-12 08:01:29 +0800: Filling in SSO login to access the real page
2014-06-12 08:01:30 +0800: Unpacking clear-guest password
2014-06-12 08:01:30 +0800: Password of clear-guest is : w6ISxmGg
2014-06-12 08:01:30 +0800: Sending email which contains QR code to tuo.shi@oracle.com
2014-06-12 08:02:35 +0800: Sent
2014-06-13 08:01:10 +0800: Connected to network "Wired connection 1"
2014-06-13 08:01:17 +0800: Accessing https://gmp.oracle.com/captcha/ to get today's wifi password
2014-06-13 08:01:28 +0800: Filling in SSO login to access the real page
2014-06-13 08:01:29 +0800: Unpacking clear-guest password
2014-06-13 08:01:29 +0800: Password of clear-guest is : iYUFMu6A
2014-06-13 08:01:29 +0800: Sending email which contains QR code to tuo.shi@oracle.com
2014-06-13 08:02:31 +0800: Sent
2014-06-16 08:01:11 +0800: Connected to network "Wired connection 1"
2014-06-16 08:01:17 +0800: Accessing https://gmp.oracle.com/captcha/ to get today's wifi password
2014-06-16 08:01:27 +0800: Filling in SSO login to access the real page
2014-06-16 08:01:28 +0800: Unpacking clear-guest password
2014-06-16 08:01:28 +0800: Password of clear-guest is : wbVS9iJB
2014-06-16 08:01:28 +0800: Sending email which contains QR code to tuo.shi@oracle.com
2014-06-16 08:02:31 +0800: Sent
2014-06-17 08:01:10 +0800: Connected to network "Wired connection 1"
2014-06-17 08:01:16 +0800: Accessing https://gmp.oracle.com/captcha/ to get today's wifi password
2014-06-17 08:01:26 +0800: Filling in SSO login to access the real page
2014-06-17 08:01:27 +0800: Unpacking clear-guest password
2014-06-17 08:01:27 +0800: Password of clear-guest is : m5BH5bBC
2014-06-17 08:01:27 +0800: Sending email which contains QR code to tuo.shi@oracle.com
2014-06-17 08:02:30 +0800: Sent
2014-06-18 08:01:11 +0800: Connected to network "Wired connection 1"
2014-06-18 08:01:18 +0800: Accessing https://gmp.oracle.com/captcha/ to get today's wifi password
2014-06-18 08:01:28 +0800: Filling in SSO login to access the real page
2014-06-18 08:01:29 +0800: Unpacking clear-guest password
2014-06-18 08:01:29 +0800: Password of clear-guest is : 55P5PjXa
2014-06-18 08:01:29 +0800: Sending email which contains QR code to tuo.shi@oracle.com
2014-06-18 08:02:31 +0800: Sent
2014-06-19 08:01:10 +0800: Connected to network "Wired connection 1"
2014-06-19 08:01:17 +0800: Accessing https://gmp.oracle.com/captcha/ to get today's wifi password
2014-06-19 08:01:30 +0800: Filling in SSO login to access the real page
2014-06-19 08:01:31 +0800: Unpacking clear-guest password
2014-06-19 08:01:31 +0800: Password of clear-guest is : 3axJQmwU
2014-06-19 08:01:31 +0800: Sending email which contains QR code to tuo.shi@oracle.com
2014-06-19 08:02:33 +0800: Sent
2014-06-20 08:01:10 +0800: Connected to network "Wired connection 1"
2014-06-20 08:01:17 +0800: Accessing https://gmp.oracle.com/captcha/ to get today's wifi password
2014-06-20 08:01:30 +0800: Filling in SSO login to access the real page
2014-06-20 08:01:31 +0800: Unpacking clear-guest password
2014-06-20 08:01:31 +0800: Password of clear-guest is : VYdPx62Q
2014-06-20 08:01:31 +0800: Sending email which contains QR code to tuo.shi@oracle.com
2014-06-20 08:02:34 +0800: Sent
2014-06-23 08:01:10 +0800: Connected to network "Wired connection 1"
2014-06-23 08:01:17 +0800: Accessing https://gmp.oracle.com/captcha/ to get today's wifi password
2014-06-23 08:01:30 +0800: Filling in SSO login to access the real page
2014-06-23 08:01:31 +0800: Unpacking clear-guest password
2014-06-23 08:01:31 +0800: Password of clear-guest is : HbBVu4X6
2014-06-23 08:01:31 +0800: Sending email which contains QR code to tuo.shi@oracle.com
2014-06-23 08:02:33 +0800: Sent
2014-06-24 08:01:10 +0800: Connected to network "Wired connection 1"
2014-06-24 08:01:17 +0800: Accessing https://gmp.oracle.com/captcha/ to get today's wifi password
2014-06-24 08:01:31 +0800: Filling in SSO login to access the real page
2014-06-24 08:01:32 +0800: Unpacking clear-guest password
2014-06-24 08:01:32 +0800: Password of clear-guest is : GBEwfX4G
2014-06-24 08:01:32 +0800: Sending email which contains QR code to tuo.shi@oracle.com
2014-06-24 08:02:34 +0800: Sent
2014-06-25 08:01:10 +0800: Connected to network "Wired connection 1"
2014-06-25 08:01:17 +0800: Accessing https://gmp.oracle.com/captcha/ to get today's wifi password
2014-06-25 08:01:31 +0800: Filling in SSO login to access the real page
2014-06-25 08:01:32 +0800: Unpacking clear-guest password
2014-06-25 08:01:32 +0800: Password of clear-guest is : FjJtR3rW
2014-06-25 08:01:32 +0800: Sending email which contains QR code to tuo.shi@oracle.com
2014-06-25 08:02:35 +0800: Sent
2014-06-26 08:01:10 +0800: Connected to network "Wired connection 1"
2014-06-26 08:01:16 +0800: Accessing https://gmp.oracle.com/captcha/ to get today's wifi password
2014-06-26 08:01:27 +0800: Filling in SSO login to access the real page
2014-06-26 08:01:27 +0800: Unpacking clear-guest password
2014-06-26 08:01:27 +0800: Password of clear-guest is : ScSY45rA
2014-06-26 08:01:27 +0800: Sending email which contains QR code to tuo.shi@oracle.com
2014-06-26 08:02:30 +0800: Sent
2014-06-27 08:01:10 +0800: Connected to network "Wired connection 1"
2014-06-27 08:01:17 +0800: Accessing https://gmp.oracle.com/captcha/ to get today's wifi password
2014-06-27 08:01:27 +0800: Filling in SSO login to access the real page
2014-06-27 08:01:28 +0800: Unpacking clear-guest password
2014-06-27 08:01:28 +0800: Password of clear-guest is : xv3Au8z9
2014-06-27 08:01:28 +0800: Sending email which contains QR code to tuo.shi@oracle.com
2014-06-27 08:02:31 +0800: Sent
2014-06-30 08:01:10 +0800: Connected to network "Wired connection 1"
2014-06-30 08:01:17 +0800: Accessing https://gmp.oracle.com/captcha/ to get today's wifi password
2014-06-30 08:01:27 +0800: Filling in SSO login to access the real page
2014-06-30 08:01:28 +0800: Unpacking clear-guest password
2014-06-30 08:01:28 +0800: Password of clear-guest is : mrm6Zsfd
2014-06-30 08:01:28 +0800: Sending email which contains QR code to tuo.shi@oracle.com
2014-06-30 08:02:30 +0800: Sent
2014-07-01 08:01:10 +0800: Connected to network "Wired connection 1"
2014-07-01 08:01:18 +0800: Accessing https://gmp.oracle.com/captcha/ to get today's wifi password
2014-07-01 08:01:28 +0800: Filling in SSO login to access the real page
2014-07-01 08:01:29 +0800: Unpacking clear-guest password
2014-07-01 08:01:29 +0800: Password of clear-guest is : BKt3PwiC
2014-07-01 08:01:29 +0800: Sending email which contains QR code to tuo.shi@oracle.com
2014-07-01 08:02:31 +0800: Sent
2014-07-02 08:01:10 +0800: Connected to network "Wired connection 1"
2014-07-02 08:01:17 +0800: Accessing https://gmp.oracle.com/captcha/ to get today's wifi password
2014-07-02 08:01:27 +0800: Filling in SSO login to access the real page
2014-07-02 08:01:28 +0800: Unpacking clear-guest password
2014-07-02 08:01:28 +0800: Password of clear-guest is : 2xBsY344
2014-07-02 08:01:28 +0800: Sending email which contains QR code to tuo.shi@oracle.com
2014-07-02 08:02:30 +0800: Sent
2014-07-03 08:01:10 +0800: Connected to network "Wired connection 1"
2014-07-03 08:01:17 +0800: Accessing https://gmp.oracle.com/captcha/ to get today's wifi password
2014-07-03 08:01:28 +0800: Filling in SSO login to access the real page
2014-07-03 08:01:29 +0800: Unpacking clear-guest password
2014-07-03 08:01:29 +0800: Password of clear-guest is : JaNwc45P
2014-07-03 08:01:29 +0800: Sending email which contains QR code to tuo.shi@oracle.com
2014-07-03 08:02:31 +0800: Sent
2014-07-04 08:01:10 +0800: Connected to network "Wired connection 1"
2014-07-04 08:01:16 +0800: Accessing https://gmp.oracle.com/captcha/ to get today's wifi password
2014-07-04 08:01:26 +0800: Filling in SSO login to access the real page
2014-07-04 08:01:27 +0800: Unpacking clear-guest password
2014-07-04 08:01:27 +0800: Password of clear-guest is : dMgutMS2
2014-07-04 08:01:27 +0800: Sending email which contains QR code to tuo.shi@oracle.com
2014-07-04 08:02:29 +0800: Sent
2014-07-07 08:01:10 +0800: Connected to network "Wired connection 1"
2014-07-07 08:01:16 +0800: Accessing https://gmp.oracle.com/captcha/ to get today's wifi password
2014-07-07 08:01:26 +0800: Filling in SSO login to access the real page
2014-07-07 08:01:27 +0800: Unpacking clear-guest password
2014-07-07 08:01:27 +0800: Password of clear-guest is : pUGET3RK
2014-07-07 08:01:27 +0800: Sending email which contains QR code to tuo.shi@oracle.com
2014-07-07 08:02:29 +0800: Sent
2014-07-08 08:01:10 +0800: Connected to network "Wired connection 1"
2014-07-08 08:01:17 +0800: Accessing https://gmp.oracle.com/captcha/ to get today's wifi password
2014-07-08 08:01:27 +0800: Filling in SSO login to access the real page
2014-07-08 08:01:28 +0800: Unpacking clear-guest password
2014-07-08 08:01:28 +0800: Password of clear-guest is : qbY5HINN
2014-07-08 08:01:28 +0800: Sending email which contains QR code to tuo.shi@oracle.com
2014-07-08 08:02:30 +0800: Sent
2014-07-09 08:01:10 +0800: Connected to network "Wired connection 1"
2014-07-09 08:01:18 +0800: Accessing https://gmp.oracle.com/captcha/ to get today's wifi password
2014-07-09 08:01:28 +0800: Filling in SSO login to access the real page
2014-07-09 08:01:29 +0800: Unpacking clear-guest password
2014-07-09 08:01:29 +0800: Password of clear-guest is : 2nRVtsfj
2014-07-09 08:01:29 +0800: Sending email which contains QR code to tuo.shi@oracle.com
2014-07-09 08:02:31 +0800: Sent
2014-07-10 08:01:10 +0800: Connected to network "Wired connection 1"
2014-07-10 08:01:17 +0800: Accessing https://gmp.oracle.com/captcha/ to get today's wifi password
2014-07-10 08:01:27 +0800: Filling in SSO login to access the real page
2014-07-10 08:01:28 +0800: Unpacking clear-guest password
2014-07-10 08:01:28 +0800: Password of clear-guest is : u2QrTFS3
2014-07-10 08:01:28 +0800: Sending email which contains QR code to tuo.shi@oracle.com
2014-07-10 08:02:32 +0800: Sent
2014-07-11 08:01:10 +0800: Connected to network "Wired connection 1"
2014-07-11 08:01:30 +0800: Accessing https://gmp.oracle.com/captcha/ to get today's wifi password
2014-07-11 08:01:40 +0800: Filling in SSO login to access the real page
2014-07-11 08:01:41 +0800: Unpacking clear-guest password
2014-07-11 08:01:41 +0800: Password of clear-guest is : vRn5sTqf
2014-07-11 08:01:41 +0800: Sending email which contains QR code to tuo.shi@oracle.com
2014-07-11 08:02:43 +0800: Sent
2014-07-14 08:01:10 +0800: Connected to network "Wired connection 1"
2014-07-14 08:01:32 +0800: Accessing https://gmp.oracle.com/captcha/ to get today's wifi password
2014-07-14 08:01:34 +0800: Filling in SSO login to access the real page
2014-07-14 08:01:43 +0800: Unpacking clear-guest password
2014-07-14 08:01:43 +0800: Password of clear-guest is : Cpu7BHGU
2014-07-14 08:01:43 +0800: Sending email which contains QR code to tuo.shi@oracle.com
2014-07-14 08:02:45 +0800: Sent
2014-07-15 08:01:15 +0800: Connected to network "Wired connection 1"
2014-07-15 08:01:23 +0800: Accessing https://gmp.oracle.com/captcha/ to get today's wifi password
2014-07-15 08:01:33 +0800: Filling in SSO login to access the real page
2014-07-15 08:01:34 +0800: Unpacking clear-guest password
2014-07-15 08:01:34 +0800: Password of clear-guest is : 2tdHANzF
2014-07-15 08:01:34 +0800: Sending email which contains QR code to tuo.shi@oracle.com
2014-07-15 08:02:36 +0800: Sent
2014-07-16 08:01:10 +0800: Connected to network "Wired connection 1"
2014-07-16 08:01:17 +0800: Accessing https://gmp.oracle.com/captcha/ to get today's wifi password
2014-07-16 08:01:27 +0800: Filling in SSO login to access the real page
2014-07-16 08:01:28 +0800: Unpacking clear-guest password
2014-07-16 08:01:28 +0800: Password of clear-guest is : 6aBUXR6Z
2014-07-16 08:01:28 +0800: Sending email which contains QR code to tuo.shi@oracle.com
2014-07-16 08:02:30 +0800: Sent
2014-07-17 08:01:10 +0800: Connected to network "Wired connection 1"
2014-07-17 08:01:17 +0800: Accessing https://gmp.oracle.com/captcha/ to get today's wifi password
2014-07-17 08:01:31 +0800: Filling in SSO login to access the real page
2014-07-17 08:01:32 +0800: Unpacking clear-guest password
2014-07-17 08:01:32 +0800: Password of clear-guest is : Hj864keV
2014-07-17 08:01:32 +0800: Sending email which contains QR code to tuo.shi@oracle.com
2014-07-17 08:02:34 +0800: Sent
2014-07-18 08:01:10 +0800: Connected to network "Wired connection 1"
2014-07-18 08:01:16 +0800: Accessing https://gmp.oracle.com/captcha/ to get today's wifi password
2014-07-18 08:01:26 +0800: Filling in SSO login to access the real page
2014-07-18 08:01:27 +0800: Unpacking clear-guest password
2014-07-18 08:01:27 +0800: Password of clear-guest is : BvJHRRp5
2014-07-18 08:01:27 +0800: Sending email which contains QR code to tuo.shi@oracle.com
2014-07-18 08:02:29 +0800: Sent
2014-07-21 08:01:12 +0800: Cannot connect to network "Wired connection 1"
2014-07-21 08:01:12 +0800: Quit
2014-07-22 08:01:10 +0800: Connected to network "Wired connection 1"
2014-07-22 08:01:17 +0800: Accessing https://gmp.oracle.com/captcha/ to get today's wifi password
2014-07-22 08:01:26 +0800: Filling in SSO login to access the real page
2014-07-22 08:01:27 +0800: Unpacking clear-guest password
2014-07-22 08:01:27 +0800: Password of clear-guest is : ZipXgt5X
2014-07-22 08:01:27 +0800: Sending email which contains QR code to tuo.shi@oracle.com
2014-07-22 08:02:30 +0800: Sent
2014-07-23 08:01:10 +0800: Connected to network "Wired connection 1"
2014-07-23 08:01:16 +0800: Accessing https://gmp.oracle.com/captcha/ to get today's wifi password
2014-07-23 08:01:26 +0800: Filling in SSO login to access the real page
2014-07-23 08:01:27 +0800: Unpacking clear-guest password
2014-07-23 08:01:27 +0800: Password of clear-guest is : ma23hXXz
2014-07-23 08:01:27 +0800: Sending email which contains QR code to tuo.shi@oracle.com
2014-07-23 08:02:29 +0800: Sent
2014-07-24 08:01:10 +0800: Connected to network "Wired connection 1"
2014-07-24 08:01:17 +0800: Accessing https://gmp.oracle.com/captcha/ to get today's wifi password
2014-07-24 08:01:27 +0800: Filling in SSO login to access the real page
2014-07-24 08:01:28 +0800: Unpacking clear-guest password
2014-07-24 08:01:28 +0800: Password of clear-guest is : JqFjf6ka
2014-07-24 08:01:28 +0800: Sending email which contains QR code to tuo.shi@oracle.com
2014-07-24 08:02:30 +0800: Sent
2014-07-25 08:01:10 +0800: Connected to network "Wired connection 1"
2014-07-25 08:01:17 +0800: Accessing https://gmp.oracle.com/captcha/ to get today's wifi password
2014-07-25 08:01:27 +0800: Filling in SSO login to access the real page
2014-07-25 08:01:28 +0800: Unpacking clear-guest password
2014-07-25 08:01:28 +0800: Password of clear-guest is : nAVtYi2r
2014-07-25 08:01:28 +0800: Sending email which contains QR code to tuo.shi@oracle.com
2014-07-25 08:02:29 +0800: Sent
2014-07-28 08:01:10 +0800: Connected to network "Wired connection 1"
2014-07-28 08:01:18 +0800: Accessing https://gmp.oracle.com/captcha/ to get today's wifi password
2014-07-28 08:01:31 +0800: Filling in SSO login to access the real page
2014-07-28 08:01:32 +0800: Unpacking clear-guest password
2014-07-28 08:01:32 +0800: Password of clear-guest is : ySD2pnDU
2014-07-28 08:01:32 +0800: Sending email which contains QR code to tuo.shi@oracle.com
2014-07-28 08:02:40 +0800: Sent
2014-07-29 08:01:10 +0800: Connected to network "Wired connection 1"
2014-07-29 08:01:17 +0800: Accessing https://gmp.oracle.com/captcha/ to get today's wifi password
2014-07-29 08:01:26 +0800: Filling in SSO login to access the real page
2014-07-29 08:01:27 +0800: Unpacking clear-guest password
2014-07-29 08:01:27 +0800: Password of clear-guest is : ThJ263Is
2014-07-29 08:01:27 +0800: Sending email which contains QR code to tuo.shi@oracle.com
2014-07-29 08:02:28 +0800: Sent
2014-07-30 08:01:10 +0800: Connected to network "Wired connection 1"
2014-07-30 08:01:17 +0800: Accessing https://gmp.oracle.com/captcha/ to get today's wifi password
2014-07-30 08:01:27 +0800: Filling in SSO login to access the real page
2014-07-30 08:01:28 +0800: Unpacking clear-guest password
2014-07-30 08:01:28 +0800: Password of clear-guest is : bRzHpGp4
2014-07-30 08:01:28 +0800: Sending email which contains QR code to tuo.shi@oracle.com
2014-07-30 08:02:30 +0800: Sent
2014-07-31 08:01:10 +0800: Connected to network "Wired connection 1"
2014-07-31 08:01:17 +0800: Accessing https://gmp.oracle.com/captcha/ to get today's wifi password
2014-07-31 08:01:27 +0800: Filling in SSO login to access the real page
2014-07-31 08:01:28 +0800: Unpacking clear-guest password
2014-07-31 08:01:28 +0800: Password of clear-guest is : hntDzVP7
2014-07-31 08:01:28 +0800: Sending email which contains QR code to tuo.shi@oracle.com
2014-07-31 08:02:29 +0800: Sent
2014-08-01 08:01:10 +0800: Connected to network "Wired connection 1"
2014-08-01 08:01:17 +0800: Accessing https://gmp.oracle.com/captcha/ to get today's wifi password
2014-08-01 08:01:27 +0800: Filling in SSO login to access the real page
2014-08-01 08:01:27 +0800: Unpacking clear-guest password for JAPAC
2014-08-01 08:01:27 +0800: Password of clear-guest is : B6qkiNtx
2014-08-01 08:01:27 +0800: Sending email which contains QR code to tuo.shi@oracle.com
2014-08-01 08:02:29 +0800: Sent
2014-08-01 20:01:10 +0800: Connected to network "Wired connection 1"
2014-08-01 20:01:17 +0800: Accessing https://gmp.oracle.com/captcha/ to get today's wifi password
2014-08-01 20:01:27 +0800: Filling in SSO login to access the real page
2014-08-01 20:01:27 +0800: Unpacking clear-guest password for Americas
2014-08-01 20:01:28 +0800: Password of clear-guest is : D2UDd2SS
2014-08-01 20:01:28 +0800: Sending email which contains QR code to tuo.shi@oracle.com
2014-08-01 20:02:29 +0800: Sent
2014-08-01 22:01:10 +0800: Connected to network "Wired connection 1"
2014-08-01 22:01:17 +0800: Accessing https://gmp.oracle.com/captcha/ to get today's wifi password
2014-08-01 22:01:27 +0800: Filling in SSO login to access the real page
2014-08-01 22:01:27 +0800: Unpacking clear-guest password for Americas
2014-08-01 22:01:27 +0800: Password of clear-guest is : D2UDd2SS
2014-08-01 22:01:27 +0800: Sending email which contains QR code to tuo.shi@oracle.com
2014-08-01 22:02:29 +0800: Sent
2014-08-08 08:01:10 +0800: Connected to network "Wired connection 1"
2014-08-08 08:01:27 +0800: Accessing https://gmp.oracle.com/captcha/ to get today's wifi password
2014-08-08 08:01:30 +0800: Filling in SSO login to access the real page
2014-08-08 08:01:30 +0800: Unpacking clear-guest password for JAPAC
2014-08-08 08:01:39 +0800: Password of clear-guest is : H8xFdMvj
2014-08-08 08:01:39 +0800: Sending email which contains QR code to tuo.shi@oracle.com
2014-08-08 08:02:41 +0800: Sent
2014-08-11 08:01:10 +0800: Connected to network "Wired connection 1"
2014-08-11 08:01:31 +0800: Accessing https://gmp.oracle.com/captcha/ to get today's wifi password
2014-08-11 08:01:41 +0800: Filling in SSO login to access the real page
2014-08-11 08:01:41 +0800: Unpacking clear-guest password for JAPAC
2014-08-11 08:01:42 +0800: Password of clear-guest is : zbnkUd3W
2014-08-11 08:01:42 +0800: Sending email which contains QR code to tuo.shi@oracle.com
2014-08-11 08:02:43 +0800: Sent
2014-08-12 08:01:10 +0800: Connected to network "Wired connection 1"
2014-08-12 08:01:35 +0800: Accessing https://gmp.oracle.com/captcha/ to get today's wifi password
2014-08-12 08:01:38 +0800: Filling in SSO login to access the real page
2014-08-12 08:01:38 +0800: Unpacking clear-guest password for JAPAC
2014-08-12 08:01:46 +0800: Password of clear-guest is : uBE949zD
2014-08-12 08:01:46 +0800: Sending email which contains QR code to tuo.shi@oracle.com
2014-08-12 08:02:48 +0800: Sent
2014-08-13 08:01:10 +0800: Connected to network "Wired connection 1"
2014-08-13 08:01:38 +0800: Accessing https://gmp.oracle.com/captcha/ to get today's wifi password
2014-08-13 08:01:48 +0800: Filling in SSO login to access the real page
2014-08-13 08:01:48 +0800: Unpacking clear-guest password for JAPAC
2014-08-13 08:01:49 +0800: Password of clear-guest is : i48gZiEc
2014-08-13 08:01:49 +0800: Sending email which contains QR code to tuo.shi@oracle.com
2014-08-13 08:02:51 +0800: Sent
2014-08-14 08:01:10 +0800: Connected to network "Wired connection 1"
2014-08-14 08:01:36 +0800: Accessing https://gmp.oracle.com/captcha/ to get today's wifi password
2014-08-14 08:01:39 +0800: Filling in SSO login to access the real page
2014-08-14 08:01:39 +0800: Unpacking clear-guest password for JAPAC
2014-08-14 08:01:46 +0800: Password of clear-guest is : jij7DjGp
2014-08-14 08:01:46 +0800: Sending email which contains QR code to tuo.shi@oracle.com
2014-08-14 08:02:48 +0800: Sent
2014-08-15 08:01:11 +0800: Connected to network "Wired connection 1"
2014-08-15 08:01:32 +0800: Accessing https://gmp.oracle.com/captcha/ to get today's wifi password
2014-08-15 08:01:35 +0800: Filling in SSO login to access the real page
2014-08-15 08:01:35 +0800: Unpacking clear-guest password for JAPAC
2014-08-15 08:01:43 +0800: Password of clear-guest is : bzVH5kTK
2014-08-15 08:01:43 +0800: Sending email which contains QR code to tuo.shi@oracle.com
2014-08-15 08:02:43 +0800: Sent
2014-08-18 08:01:10 +0800: Connected to network "Wired connection 1"
2014-08-18 08:01:34 +0800: Accessing https://gmp.oracle.com/captcha/ to get today's wifi password
2014-08-18 08:01:37 +0800: Filling in SSO login to access the real page
2014-08-18 08:01:37 +0800: Unpacking clear-guest password for JAPAC
2014-08-18 08:01:45 +0800: Password of clear-guest is : eKpm4qeH
2014-08-18 08:01:45 +0800: Sending email which contains QR code to tuo.shi@oracle.com
2014-08-18 08:02:46 +0800: Sent
2014-08-19 08:01:10 +0800: Connected to network "Wired connection 1"
2014-08-19 08:01:31 +0800: Accessing https://gmp.oracle.com/captcha/ to get today's wifi password
2014-08-19 08:01:33 +0800: Filling in SSO login to access the real page
2014-08-19 08:01:33 +0800: Unpacking clear-guest password for JAPAC
2014-08-19 08:01:42 +0800: Password of clear-guest is : RPaM9i3H
2014-08-19 08:01:42 +0800: Sending email which contains QR code to tuo.shi@oracle.com
2014-08-19 08:02:42 +0800: Sent
2014-08-20 08:01:10 +0800: Connected to network "Wired connection 1"
2014-08-20 08:01:35 +0800: Accessing https://gmp.oracle.com/captcha/ to get today's wifi password
2014-08-20 08:01:44 +0800: Filling in SSO login to access the real page
2014-08-20 08:01:44 +0800: Unpacking clear-guest password for JAPAC
2014-08-20 08:01:45 +0800: Password of clear-guest is : S7ehvPzU
2014-08-20 08:01:45 +0800: Sending email which contains QR code to tuo.shi@oracle.com
2014-08-20 08:02:45 +0800: Sent
2014-08-21 08:01:10 +0800: Connected to network "Wired connection 1"
2014-08-21 08:01:30 +0800: Accessing https://gmp.oracle.com/captcha/ to get today's wifi password
2014-08-21 08:01:33 +0800: Filling in SSO login to access the real page
2014-08-21 08:01:33 +0800: Unpacking clear-guest password for JAPAC
2014-08-21 08:01:42 +0800: Password of clear-guest is : wW9JSe49
2014-08-21 08:01:42 +0800: Sending email which contains QR code to tuo.shi@oracle.com
2014-08-21 08:02:43 +0800: Sent
2014-08-22 08:01:10 +0800: Connected to network "Wired connection 1"
2014-08-22 08:01:35 +0800: Accessing https://gmp.oracle.com/captcha/ to get today's wifi password
2014-08-22 08:01:44 +0800: Filling in SSO login to access the real page
2014-08-22 08:01:44 +0800: Unpacking clear-guest password for JAPAC
2014-08-22 08:01:45 +0800: Password of clear-guest is : nspkNSX4
2014-08-22 08:01:45 +0800: Sending email which contains QR code to tuo.shi@oracle.com
2014-08-22 08:02:45 +0800: Sent
2014-08-25 08:01:12 +0800: Connected to network "Wired connection 1"
2014-08-25 08:01:20 +0800: Accessing https://gmp.oracle.com/captcha/ to get today's wifi password
2014-08-25 08:01:29 +0800: Filling in SSO login to access the real page
2014-08-25 08:01:29 +0800: Unpacking clear-guest password for JAPAC
2014-08-25 08:01:30 +0800: Password of clear-guest is : jf7j3YM6
2014-08-25 08:01:30 +0800: Sending email which contains QR code to tuo.shi@oracle.com
2014-08-25 08:02:31 +0800: Sent
2014-08-26 08:01:11 +0800: Connected to network "Wired connection 1"
2014-08-26 08:01:18 +0800: Accessing https://gmp.oracle.com/captcha/ to get today's wifi password
2014-08-26 08:01:29 +0800: Filling in SSO login to access the real page
2014-08-26 08:01:29 +0800: Unpacking clear-guest password for JAPAC
2014-08-26 08:01:30 +0800: Password of clear-guest is : fcki648H
2014-08-26 08:01:30 +0800: Sending email which contains QR code to tuo.shi@oracle.com
2014-08-26 08:02:30 +0800: Sent
2014-08-27 08:01:10 +0800: Connected to network "Wired connection 1"
2014-08-27 08:01:17 +0800: Accessing https://gmp.oracle.com/captcha/ to get today's wifi password
2014-08-27 08:01:26 +0800: Filling in SSO login to access the real page
2014-08-27 08:01:26 +0800: Unpacking clear-guest password for JAPAC
2014-08-27 08:01:27 +0800: Password of clear-guest is : I7JXc8aH
2014-08-27 08:01:27 +0800: Sending email which contains QR code to tuo.shi@oracle.com
2014-08-27 08:02:27 +0800: Sent
2014-09-01 08:01:12 +0800: Cannot connect to network "Wired connection 1"
2014-09-01 08:01:12 +0800: Quit
